<?xml version="1.0" encoding="UTF-8"?>
<!-- Generated by org.testng.reporters.JUnitXMLReporter -->
<testsuite ignored="0" hostname="DESKTOP-1MRBHHO" failures="1" tests="3" name="Test" time="16.658" errors="0" timestamp="2023-05-25T10:52:23 IST">
  <testcase classname="testNGPackage2.Test3" name="testMethod3" time="0.106">
    <failure type="java.lang.IllegalStateException" message="The driver executable must exist: C:\Users\Pravin\git\PravinRepository\wcsm8seleniumproject\.\drivers\geckodriver.exe">
      <![CDATA[java.lang.IllegalStateException: The driver executable must exist: C:\Users\Pravin\git\PravinRepository\wcsm8seleniumproject\.\drivers\geckodriver.exe
at org.openqa.selenium.internal.Require$FileStateChecker.isFile(Require.java:345)
at org.openqa.selenium.remote.service.DriverFinder.getPath(DriverFinder.java:39)
at org.openqa.selenium.firefox.FirefoxDriver.generateExecutor(FirefoxDriver.java:139)
at org.openqa.selenium.firefox.FirefoxDriver.<init>(FirefoxDriver.java:131)
at org.openqa.selenium.firefox.FirefoxDriver.<init>(FirefoxDriver.java:127)
at org.openqa.selenium.firefox.FirefoxDriver.<init>(FirefoxDriver.java:112)
at org.openqa.selenium.firefox.FirefoxDriver.<init>(FirefoxDriver.java:102)
at testNGPackage2.Test3.testMethod3(Test3.java:15)
at java.base/java.util.concurrent.ThreadPoolExecutor.runWorker(ThreadPoolExecutor.java:1136)
at java.base/java.util.concurrent.ThreadPoolExecutor$Worker.run(ThreadPoolExecutor.java:635)
at java.base/java.lang.Thread.run(Thread.java:833)
... Removed 12 stack frames]]>
    </failure>
  </testcase> <!-- testMethod3 -->
  <testcase classname="testNGPackage2.Test2" name="testMethod2" time="15.791"/>
  <testcase classname="testNGPackage2.Test1" name="testMethod1" time="16.594"/>
</testsuite> <!-- Test -->
