<?xml version="1.0" encoding="UTF-8"?>
<!-- Generated by org.testng.reporters.JUnitXMLReporter -->
<testsuite ignored="0" hostname="DESKTOP-1MRBHHO" failures="2" tests="9" name="Test" time="0.108" errors="0" timestamp="2023-05-23T21:38:26 IST">
  <testcase classname="testNGPackage2.NewTest3" name="g" time="0.018"/>
  <testcase classname="testNGPackage2.NewTest3" name="h" time="0.004">
    <failure type="java.lang.ArithmeticException" message="/ by zero">
      <![CDATA[java.lang.ArithmeticException: / by zero
at testNGPackage2.NewTest3.h(NewTest3.java:16)
at java.base/java.util.ArrayList.forEach(ArrayList.java:1511)
... Removed 27 stack frames]]>
    </failure>
  </testcase> <!-- h -->
  <testcase classname="testNGPackage2.NewTest3" name="i" time="0.003">
    <failure type="java.lang.ArithmeticException" message="/ by zero">
      <![CDATA[java.lang.ArithmeticException: / by zero
at testNGPackage2.NewTest3.i(NewTest3.java:24)
at java.base/java.util.ArrayList.forEach(ArrayList.java:1511)
... Removed 27 stack frames]]>
    </failure>
  </testcase> <!-- i -->
  <testcase classname="testNGPackage2.NewTest2" name="d" time="0.001"/>
  <testcase classname="testNGPackage2.NewTest2" name="e" time="0.003"/>
  <testcase classname="testNGPackage2.NewTest2" name="f" time="0.002"/>
  <testcase classname="testNGPackage2.NewTest1" name="a" time="0.003"/>
  <testcase classname="testNGPackage2.NewTest1" name="b" time="0.002"/>
  <testcase classname="testNGPackage2.NewTest1" name="c" time="0.002"/>
</testsuite> <!-- Test -->
