<?xml version="1.0" encoding="UTF-8"?>
<testng-results ignored="0" total="3" passed="2" failed="1" skipped="0">
  <reporter-output>
  </reporter-output>
  <suite started-at="2023-05-25T10:52:06 IST" name="Suite" finished-at="2023-05-25T10:52:23 IST" duration-ms="16658">
    <groups>
    </groups>
    <test started-at="2023-05-25T10:52:06 IST" name="Test" finished-at="2023-05-25T10:52:23 IST" duration-ms="16658">
      <class name="testNGPackage2.Test3">
        <test-method signature="testMethod3()[pri:0, instance:testNGPackage2.Test3@1e6454ec]" started-at="2023-05-25T10:52:06 IST" name="testMethod3" finished-at="2023-05-25T10:52:06 IST" duration-ms="106" status="FAIL">
          <exception class="java.lang.IllegalStateException">
            <message>
              <![CDATA[The driver executable must exist: C:\Users\Pravin\git\PravinRepository\wcsm8seleniumproject\.\drivers\geckodriver.exe]]>
            </message>
            <full-stacktrace>
              <![CDATA[java.lang.IllegalStateException: The driver executable must exist: C:\Users\Pravin\git\PravinRepository\wcsm8seleniumproject\.\drivers\geckodriver.exe
at org.openqa.selenium.internal.Require$FileStateChecker.isFile(Require.java:345)
at org.openqa.selenium.remote.service.DriverFinder.getPath(DriverFinder.java:39)
at org.openqa.selenium.firefox.FirefoxDriver.generateExecutor(FirefoxDriver.java:139)
at org.openqa.selenium.firefox.FirefoxDriver.<init>(FirefoxDriver.java:131)
at org.openqa.selenium.firefox.FirefoxDriver.<init>(FirefoxDriver.java:127)
at org.openqa.selenium.firefox.FirefoxDriver.<init>(FirefoxDriver.java:112)
at org.openqa.selenium.firefox.FirefoxDriver.<init>(FirefoxDriver.java:102)
at testNGPackage2.Test3.testMethod3(Test3.java:15)
at java.base/jdk.internal.reflect.NativeMethodAccessorImpl.invoke0(Native Method)
at java.base/jdk.internal.reflect.NativeMethodAccessorImpl.invoke(NativeMethodAccessorImpl.java:77)
at java.base/jdk.internal.reflect.DelegatingMethodAccessorImpl.invoke(DelegatingMethodAccessorImpl.java:43)
at java.base/java.lang.reflect.Method.invoke(Method.java:568)
at org.testng.internal.MethodInvocationHelper.invokeMethod(MethodInvocationHelper.java:133)
at org.testng.internal.TestInvoker.invokeMethod(TestInvoker.java:598)
at org.testng.internal.TestInvoker.invokeTestMethod(TestInvoker.java:173)
at org.testng.internal.MethodRunner.runInSequence(MethodRunner.java:46)
at org.testng.internal.TestInvoker$MethodInvocationAgent.invoke(TestInvoker.java:824)
at org.testng.internal.TestInvoker.invokeTestMethods(TestInvoker.java:146)
at org.testng.internal.TestMethodWorker.invokeTestMethods(TestMethodWorker.java:146)
at org.testng.internal.TestMethodWorker.run(TestMethodWorker.java:128)
at java.base/java.util.concurrent.ThreadPoolExecutor.runWorker(ThreadPoolExecutor.java:1136)
at java.base/java.util.concurrent.ThreadPoolExecutor$Worker.run(ThreadPoolExecutor.java:635)
at java.base/java.lang.Thread.run(Thread.java:833)
]]>
            </full-stacktrace>
          </exception> <!-- java.lang.IllegalStateException -->
          <reporter-output>
          </reporter-output>
        </test-method> <!-- testMethod3 -->
      </class> <!-- testNGPackage2.Test3 -->
      <class name="testNGPackage2.Test1">
        <test-method signature="testMethod1()[pri:0, instance:testNGPackage2.Test1@747edf66]" started-at="2023-05-25T10:52:06 IST" name="testMethod1" finished-at="2023-05-25T10:52:23 IST" duration-ms="16594" status="PASS">
          <reporter-output>
          </reporter-output>
        </test-method> <!-- testMethod1 -->
      </class> <!-- testNGPackage2.Test1 -->
      <class name="testNGPackage2.Test2">
        <test-method signature="testMethod2()[pri:0, instance:testNGPackage2.Test2@cad498c]" started-at="2023-05-25T10:52:06 IST" name="testMethod2" finished-at="2023-05-25T10:52:22 IST" duration-ms="15791" status="PASS">
          <reporter-output>
          </reporter-output>
        </test-method> <!-- testMethod2 -->
      </class> <!-- testNGPackage2.Test2 -->
    </test> <!-- Test -->
  </suite> <!-- Suite -->
</testng-results>
